<?xml version="1.0" encoding="UTF-8"?>
<testsuite xmlns:xsi="http://www.w3.org/2001/XMLSchema-instance" xsi:noNamespaceSchemaLocation="https://maven.apache.org/surefire/maven-surefire-plugin/xsd/surefire-test-report-3.0.xsd" version="3.0" name="com.example.apipoller.writer.CsvDataWriterTest" time="0.014" tests="1" errors="0" skipped="0" failures="0">
  <properties>
[...]
</properties>
  <testcase name="testWriteRecords" classname="com.example.apipoller.writer.CsvDataWriterTest" time="0.011">
    <system-err><![CDATA[апр. 27, 2025 10:28:44 AM com.example.apipoller.writer.CsvDataWriter writeRecords
INFO: Successfully wrote 1 records to CSV file: C:\Users\User\AppData\Local\Temp\test7050173938860155748.csv
]]></system-err>
  </testcase>
</testsuite>